[1m[92m    Checking[0m libc v0.2.186
[1m[92m    Checking[0m memchr v2.8.3
[1m[92m    Checking[0m futures-core v0.3.32
[1m[92m    Checking[0m slab v0.4.12
[1m[92m    Checking[0m futures-task v0.3.32
[1m[92m    Checking[0m pin-project-lite v0.2.17
[1m[92m    Checking[0m bitflags v2.13.0
[1m[92m    Checking[0m futures-util v0.3.32
[1m[92m    Checking[0m futures-channel v0.3.32
[1m[92m    Checking[0m smallvec v1.15.2
[1m[92m    Checking[0m futures-io v0.3.32
[1m[92m    Checking[0m serde_core v1.0.228
[1m[92m    Checking[0m ptr_meta v0.3.1
[1m[92m    Checking[0m memoffset v0.9.1
[1m[92m    Checking[0m aho-corasick v1.1.4
[1m[92m    Checking[0m glib-sys v0.22.8
[1m[92m    Checking[0m regex-syntax v0.8.11
[1m[92m    Checking[0m gobject-sys v0.22.6
[1m[92m    Checking[0m gio-sys v0.22.8
[1m[92m    Checking[0m futures-executor v0.3.32
[1m[92m    Checking[0m pango-sys v0.22.0
[1m[92m    Checking[0m cairo-sys-rs v0.22.0
[1m[92m    Checking[0m graphene-sys v0.22.8
[1m[92m    Checking[0m field-offset v0.3.6
[1m[92m    Checking[0m rancor v0.1.2
[1m[92m    Checking[0m simdutf8 v0.1.5
[1m[92m    Checking[0m zstd-sys v2.0.16+zstd.1.5.7
[1m[92m    Checking[0m bytecheck v0.8.2
[1m[92m    Checking[0m log v0.4.33
[1m[92m    Checking[0m gdk-pixbuf-sys v0.22.0
[1m[92m    Checking[0m glib v0.22.8
[1m[92m    Checking[0m gdk4-sys v0.11.4
[1m[92m    Checking[0m winnow v1.0.3
[1m[92m    Checking[0m gsk4-sys v0.11.4
[1m[92m    Checking[0m toml_parser v1.1.2+spec-1.1.0
[1m[92m    Checking[0m regex-automata v0.4.15
[1m[92m    Checking[0m gtk4-sys v0.11.4
[1m[92m    Checking[0m rend v0.5.4
[1m[92m    Checking[0m vte4-sys v0.10.0
[1m[92m    Checking[0m libadwaita-sys v0.9.2
[1m[92m    Checking[0m munge v0.4.7
[1m[92m    Checking[0m zstd-safe v7.2.4
[1m[92m    Checking[0m zmij v1.0.22
[1m[92m    Checking[0m io-lifetimes v2.0.4
[1m[92m    Checking[0m toml_datetime v1.1.1+spec-1.1.0
[1m[92m    Checking[0m regex v1.13.0
[1m[92m    Checking[0m serde_spanned v1.1.1
[1m[92m    Checking[0m itoa v1.0.18
[1m[92m    Checking[0m toml_writer v1.1.1+spec-1.1.0
[1m[92m    Checking[0m hashbrown v0.17.1
[1m[92m    Checking[0m cfg-if v1.0.4
[1m[92m    Checking[0m utf8parse v0.2.2
[1m[92m    Checking[0m anstyle-parse v1.0.0
[1m[92m    Checking[0m nix v0.31.3
[1m[92m    Checking[0m toml v1.1.2+spec-1.1.0
[1m[92m    Checking[0m serde_json v1.0.150
[1m[92m    Checking[0m serde v1.0.228
[1m[92m    Checking[0m rkyv v0.8.17
[1m[92m    Checking[0m zstd v0.13.3
[1m[92m    Checking[0m pcre2-sys v0.2.10
[1m[92m    Checking[0m unicode-width v0.2.2
[1m[92m    Checking[0m anstyle-query v1.1.5
[1m[92m    Checking[0m anstyle v1.0.14
[1m[92m    Checking[0m colorchoice v1.0.5
[1m[92m    Checking[0m is_terminal_polyfill v1.70.2
[1m[92m    Checking[0m env_filter v2.0.0
[1m[92m    Checking[0m anstream v1.0.0
[1m[92m    Checking[0m jiff v0.2.32
[1m[92m    Checking[0m gio v0.22.8
[1m[92m    Checking[0m cairo-rs v0.22.0
[1m[92m    Checking[0m graphene-rs v0.22.8
[1m[92m    Checking[0m env_logger v0.11.11
[1m[92m    Checking[0m pango v0.22.8
[1m[92m    Checking[0m gdk-pixbuf v0.22.0
[1m[92m    Checking[0m gdk4 v0.11.4
[1m[92m    Checking[0m gsk4 v0.11.4
[1m[92m    Checking[0m gtk4 v0.11.4
[1m[92m    Checking[0m vte4 v0.10.0
[1m[92m    Checking[0m libadwaita v0.9.2
[1m[92m    Checking[0m jterm4 v0.2.0 (/home/runner/work/jterm4/jterm4)
[1m[92m    Finished[0m `dev` profile [optimized + debuginfo] target(s) in 32.75s
